mode: set
github.com/hafizmfadli/bookings-web/cmd/web/main.go:22.13,25.16 2 0
github.com/hafizmfadli/bookings-web/cmd/web/main.go:29.2,36.16 4 0
github.com/hafizmfadli/bookings-web/cmd/web/main.go:25.16,27.3 1 0
github.com/hafizmfadli/bookings-web/cmd/web/main.go:36.16,38.3 1 0
github.com/hafizmfadli/bookings-web/cmd/web/main.go:41.18,58.16 10 1
github.com/hafizmfadli/bookings-web/cmd/web/main.go:62.2,69.12 6 1
github.com/hafizmfadli/bookings-web/cmd/web/main.go:58.16,61.3 2 0
github.com/hafizmfadli/bookings-web/cmd/web/middleware.go:10.45,19.2 3 1
github.com/hafizmfadli/bookings-web/cmd/web/middleware.go:22.50,24.2 1 1
github.com/hafizmfadli/bookings-web/cmd/web/routes.go:12.49,34.2 18 1
